<?xml version="1.0" encoding="UTF-8"?>
<!-- Generated by org.testng.reporters.JUnitReportReporter -->
<testsuite hostname="LAPTOP-TA3EJ2EG" failures="0" tests="1" name="com.ama.qa.test.AddCartTest" time="43.084" errors="0" timestamp="2023-03-30T13:15:34 IST" skipped="0">
  <testcase classname="com.ama.qa.test.AddCartTest" name="addProductToCart" time="43.084"/>
  <system-out/>
</testsuite> <!-- com.ama.qa.test.AddCartTest -->
